<?xml version="1.0" encoding="UTF-8"?>
<testsuite xmlns:xsi="http://www.w3.org/2001/XMLSchema-instance" xsi:noNamespaceSchemaLocation="https://maven.apache.org/surefire/maven-surefire-plugin/xsd/surefire-test-report.xsd" name="com.jyson.AppTest" time="0.061" tests="1" errors="0" skipped="0" failures="0">
  <properties>
    <property name="sun.desktop" value="windows"/>
    <property name="awt.toolkit" value="sun.awt.windows.WToolkit"/>
    <property name="file.encoding.pkg" value="sun.io"/>
    <property name="java.specification.version" value="1.8"/>
    <property name="sun.cpu.isalist" value="amd64"/>
    <property name="sun.jnu.encoding" value="MS949"/>
    <property name="java.class.path" value="D:\workspace\maven\mvn-firstapp\target\test-classes;D:\workspace\maven\mvn-firstapp\target\classes;C:\Users\osc\.m2\repository\junit\junit\4.11\junit-4.11.jar;C:\Users\osc\.m2\repository\org\hamcrest\hamcrest-core\1.3\hamcrest-core-1.3.jar;"/>
    <property name="java.vm.vendor" value="Oracle Corporation"/>
    <property name="sun.arch.data.model" value="64"/>
    <property name="user.variant" value=""/>
    <property name="java.vendor.url" value="http://java.oracle.com/"/>
    <property name="user.timezone" value="Asia/Seoul"/>
    <property name="java.vm.specification.version" value="1.8"/>
    <property name="os.name" value="Windows 10"/>
    <property name="user.country" value="KR"/>
    <property name="sun.java.launcher" value="SUN_STANDARD"/>
    <property name="sun.boot.library.path" value="C:\Java\jdk1.8.0_221\jre\bin"/>
    <property name="sun.java.command" value="C:\Users\osc\AppData\Local\Temp\surefire761699747453939745\surefirebooter316837097071045016.jar C:\Users\osc\AppData\Local\Temp\surefire761699747453939745 2020-01-23T15-36-05_464-jvmRun1 surefire5724390075714961777tmp surefire_04718910884669469492tmp"/>
    <property name="surefire.test.class.path" value="D:\workspace\maven\mvn-firstapp\target\test-classes;D:\workspace\maven\mvn-firstapp\target\classes;C:\Users\osc\.m2\repository\junit\junit\4.11\junit-4.11.jar;C:\Users\osc\.m2\repository\org\hamcrest\hamcrest-core\1.3\hamcrest-core-1.3.jar;"/>
    <property name="sun.cpu.endian" value="little"/>
    <property name="user.home" value="C:\Users\osc"/>
    <property name="user.language" value="ko"/>
    <property name="java.specification.vendor" value="Oracle Corporation"/>
    <property name="java.home" value="C:\Java\jdk1.8.0_221\jre"/>
    <property name="basedir" value="D:\workspace\maven\mvn-firstapp"/>
    <property name="file.separator" value="\"/>
    <property name="line.separator" value="&#10;"/>
    <property name="java.vm.specification.vendor" value="Oracle Corporation"/>
    <property name="java.specification.name" value="Java Platform API Specification"/>
    <property name="java.awt.graphicsenv" value="sun.awt.Win32GraphicsEnvironment"/>
    <property name="surefire.real.class.path" value="C:\Users\osc\AppData\Local\Temp\surefire761699747453939745\surefirebooter316837097071045016.jar"/>
    <property name="sun.boot.class.path" value="C:\Java\jdk1.8.0_221\jre\lib\resources.jar;C:\Java\jdk1.8.0_221\jre\lib\rt.jar;C:\Java\jdk1.8.0_221\jre\lib\sunrsasign.jar;C:\Java\jdk1.8.0_221\jre\lib\jsse.jar;C:\Java\jdk1.8.0_221\jre\lib\jce.jar;C:\Java\jdk1.8.0_221\jre\lib\charsets.jar;C:\Java\jdk1.8.0_221\jre\lib\jfr.jar;C:\Java\jdk1.8.0_221\jre\classes"/>
    <property name="user.script" value=""/>
    <property name="sun.management.compiler" value="HotSpot 64-Bit Tiered Compilers"/>
    <property name="java.runtime.version" value="1.8.0_221-b11"/>
    <property name="user.name" value="osc"/>
    <property name="path.separator" value=";"/>
    <property name="os.version" value="10.0"/>
    <property name="java.endorsed.dirs" value="C:\Java\jdk1.8.0_221\jre\lib\endorsed"/>
    <property name="java.runtime.name" value="Java(TM) SE Runtime Environment"/>
    <property name="file.encoding" value="MS949"/>
    <property name="java.vm.name" value="Java HotSpot(TM) 64-Bit Server VM"/>
    <property name="localRepository" value="C:\Users\osc\.m2\repository"/>
    <property name="java.vendor.url.bug" value="http://bugreport.sun.com/bugreport/"/>
    <property name="java.io.tmpdir" value="C:\Users\osc\AppData\Local\Temp\"/>
    <property name="java.version" value="1.8.0_221"/>
    <property name="user.dir" value="D:\workspace\maven\mvn-firstapp"/>
    <property name="os.arch" value="amd64"/>
    <property name="java.vm.specification.name" value="Java Virtual Machine Specification"/>
    <property name="java.awt.printerjob" value="sun.awt.windows.WPrinterJob"/>
    <property name="sun.os.patch.level" value=""/>
    <property name="java.library.path" value="C:\Java\jdk1.8.0_221\jre\bin;C:\Windows\Sun\Java\bin;C:\Windows\system32;C:\Windows;D:\cmder\bin;D:\cmder\vendor\bin;D:\cmder\vendor\conemu-maximus5\ConEmu\Scripts;D:\cmder\vendor\conemu-maximus5;D:\cmder\vendor\conemu-maximus5\ConEmu;C:\Program Files (x86)\Common Files\Oracle\Java\javapath;C:\Windows\system32;C:\Windows;C:\Windows\System32\Wbem;C:\Windows\System32\WindowsPowerShell\v1.0\;C:\Windows\System32\OpenSSH\;C:\Users\osc\AppData\Local\Microsoft\WindowsApps;D:\Gradle\gradle-5.6.4\bin;C:\Java\jdk1.8.0_221\bin;D:\Groovy\groovy-2.5.8\bin;C:\Users\osc\AppData\Local\GitHubDesktop\bin;D:\Maven\apache-maven-3.6.2\bin;D:\cmder\vendor\git-for-windows\cmd;D:\cmder\vendor\git-for-windows\mingw64\bin;D:\cmder\vendor\git-for-windows\usr\bin;D:\cmder;."/>
    <property name="java.vm.info" value="mixed mode"/>
    <property name="java.vendor" value="Oracle Corporation"/>
    <property name="java.vm.version" value="25.221-b11"/>
    <property name="java.ext.dirs" value="C:\Java\jdk1.8.0_221\jre\lib\ext;C:\Windows\Sun\Java\lib\ext"/>
    <property name="sun.io.unicode.encoding" value="UnicodeLittle"/>
    <property name="java.class.version" value="52.0"/>
  </properties>
  <testcase name="shouldAnswerWithTrue" classname="com.jyson.AppTest" time="0.003"/>
</testsuite>